/*Log generado con una ganancia de 50 (500k) - ADC0 - actuador M*/

MEDIDAS OBTENIDAS RAW value
56,56,56,56,56,56,56,56,56,56,
7,15,15,15,24,15,15,15,15,24,
7,15,7,15,15,15,7,15,7,15,
48,56,56,56,56,56,56,60,60,60,
60,56,60,63,62,62,60,56,60,60,
63,60,62,48,56,56,63,62,63,60,
63,56,63,56,60,60,60,60,56,63,
56,62,56,62,62,60,60,56,60,60,
60,60,60,56,56,56,56,56,56,56,
48,56,48,56,48,56,48,56,48,56,
56,48,48,48,48,48,56,56,48,56,
48,48,48,48,48,56,48,48,31,48,
48,48,39,39,31,48,39,48,48,48,
48,48,48,48,56,56,56,39,48,31,
31,48,48,31,48,35,48,39,48,24,
48,31,56,48,48,56,48,39,48,48,
48,39,48,48,56,56,48,56,39,56,
48,60,56,56,56,56,56,56,56,56,
56,56,62,56,56,48,56,56,56,56,
56,56,60,60,60,56,56,60,62,60,
56,56,60,60,60,56,56,60,62,60,
MEDIDAS OBTENIDAS RAW value
56,56,60,60,60,56,56,60,62,60,
7,7,3,7,1,7,7,15,7,7,
1,3,0,0,7,1,0,0,0,7,
39,48,39,48,56,48,39,56,48,48,
48,39,60,48,48,48,56,48,56,48,
48,48,56,48,56,48,56,48,56,56,
56,48,48,48,56,56,56,56,48,60,
56,60,56,56,56,60,56,60,60,62,
60,56,60,62,56,60,56,62,60,62,
60,56,56,56,60,60,60,56,60,56,
62,60,63,60,56,60,56,48,63,62,
63,60,63,56,56,56,56,56,60,48,
60,63,60,56,56,60,63,56,56,60,
56,60,56,62,56,56,56,60,56,60,
56,60,56,56,56,56,56,56,56,48,
48,48,56,48,56,48,48,48,48,48,
48,48,39,48,48,48,48,48,48,39,
48,48,56,48,48,39,48,39,56,39,
48,39,48,48,48,48,48,39,39,48,
39,48,48,56,31,48,39,56,56,48,
39,48,48,56,31,48,39,56,56,48,
MEDIDAS OBTENIDAS RAW value
39,48,48,56,31,48,39,56,56,48,
15,7,15,7,7,7,7,7,3,24,
15,35,31,28,30,31,31,31,31,31,
152,159,176,176,192,192,193,195,195,224,
224,231,240,0,248,255,255,255,255,287,
287,304,316,319,319,327,352,353,368,384,
384,387,391,408,415,432,432,448,448,455,
463,480,496,504,512,513,527,540,543,560,
572,575,591,608,615,632,639,639,655,668,
675,704,707,768,768,768,768,768,783,783,
799,799,824,828,856,896,896,896,903,911,
927,960,960,960,960,960,960,960,960,960,
963,903,903,911,960,960,961,960,960,960,
960,960,960,960,960,960,960,960,960,960,
960,960,960,960,960,960,960,960,960,967,
960,992,960,967,960,963,960,975,960,960,
961,960,967,960,960,960,974,960,961,960,
960,963,960,960,960,963,960,963,960,992,
960,960,984,960,961,960,960,960,960,960,
967,960,963,960,967,960,961,972,967,963,
967,960,963,960,967,960,961,972,967,963,
MEDIDAS OBTENIDAS RAW value
967,960,963,960,967,960,961,972,967,963,
3,0,1,1,0,7,0,7,7,15,
0,7,15,39,31,31,15,7,15,7,
158,163,159,159,159,192,192,192,192,199,
216,224,224,231,248,252,255,255,255,255,
286,287,312,319,319,335,335,352,353,384,
384,391,391,412,415,432,448,448,455,463,
480,483,504,510,527,519,540,543,560,572,
575,575,608,624,632,639,639,655,671,671,
688,704,768,768,768,768,768,771,783,798,
799,816,831,847,896,896,897,903,911,927,
927,960,963,960,960,961,960,975,960,960,
960,924,927,924,960,960,963,960,961,960,
960,960,967,960,960,960,963,961,960,967,
960,961,960,960,960,961,960,960,960,960,
960,992,960,960,960,960,960,960,960,960,
960,960,960,967,960,960,960,960,960,967,
960,960,960,960,960,960,960,960,960,960,
960,960,972,960,960,960,960,960,960,960,
960,960,960,960,960,960,960,960,960,960,
960,960,960,960,960,960,960,960,960,960,
MEDIDAS OBTENIDAS RAW value
960,960,960,960,960,960,960,960,960,960,
7,15,15,24,7,28,7,30,28,30,
31,31,15,30,31,30,31,24,39,24,
159,167,176,163,192,192,192,199,207,207,
224,224,240,248,254,255,255,255,255,287,
287,304,312,319,319,327,352,352,368,384,
384,384,391,399,415,419,448,448,451,455,
463,480,496,504,511,513,527,540,543,560,
572,575,591,608,611,632,636,639,655,671,
679,696,705,768,768,768,768,771,775,775,
775,824,830,839,864,896,896,896,910,903,
927,960,960,960,960,967,960,967,960,960,
960,896,911,920,960,960,960,960,960,960,
960,960,960,960,960,960,960,960,960,960,
960,960,960,967,960,960,963,963,960,967,
960,992,960,960,967,963,960,960,967,960,
967,960,961,960,992,963,963,960,960,960,
960,963,960,960,960,960,967,960,960,974,
960,963,967,960,960,960,963,967,960,960,
960,960,960,960,960,960,974,975,967,960,
960,960,960,960,960,960,974,975,967,960,
MEDIDAS OBTENIDAS RAW value
960,960,960,960,960,960,974,975,967,960,
0,7,7,3,1,3,7,1,3,0,
7,15,7,15,7,24,15,15,31,15,
159,159,167,184,192,192,192,199,207,207,
224,225,240,248,252,255,255,255,255,287,
287,312,318,319,335,335,353,355,384,384,
384,391,399,415,419,448,448,449,455,480,
480,496,504,511,519,527,540,543,560,575,
575,575,608,624,636,638,639,655,671,671,
704,704,707,768,768,768,768,775,783,799,
816,828,831,856,896,896,896,903,911,924,
927,960,960,960,961,960,960,960,960,960,
960,896,911,926,960,960,963,960,960,960,
960,960,960,960,960,960,960,960,960,960,
960,960,960,960,960,960,960,960,960,960,
960,960,960,960,960,960,960,963,935,960,
935,960,935,961,960,960,960,960,960,975,
960,960,960,960,960,960,960,960,935,960,
960,960,960,960,960,960,960,960,960,960,
960,960,960,960,960,960,960,960,960,960,
960,960,960,960,960,960,960,960,960,960,
MEDIDAS OBTENIDAS RAW value
960,960,960,960,960,960,960,960,960,960,
15,15,7,7,7,15,15,7,7,7,
24,24,15,24,7,15,15,30,28,15,
156,158,159,167,184,192,192,192,199,199,
224,224,231,240,248,252,255,255,255,255,
287,287,304,312,319,319,344,352,352,359,
384,384,387,399,408,415,432,448,448,451,
480,480,496,496,513,543,527,543,543,560,
568,575,591,604,611,632,639,639,639,671,
671,704,704,768,768,768,768,768,775,783,
799,816,831,847,896,896,896,903,911,924,
927,960,960,960,961,963,960,960,960,960,
960,896,920,927,960,961,960,961,960,961,
960,960,967,963,960,960,975,960,975,960,
992,960,984,960,960,960,960,960,960,960,
960,961,960,960,963,960,967,960,967,960,
963,960,967,967,967,963,960,960,974,975,
960,992,960,960,960,963,960,961,960,960,
960,960,960,960,960,960,960,960,967,960,
960,960,960,963,960,960,960,960,960,960,
960,960,960,963,960,960,960,960,960,960,
MEDIDAS OBTENIDAS RAW value
960,960,960,963,960,960,960,960,960,960,
15,7,7,7,7,7,15,7,7,7,
15,24,15,24,15,31,24,31,31,15,
159,159,184,184,192,192,199,199,224,224,
227,227,248,252,255,255,255,255,255,287,
287,312,312,319,327,352,352,384,368,384,
384,399,415,419,432,448,448,455,455,480,
480,480,504,512,519,540,540,543,568,572,
575,591,608,608,632,632,639,655,668,671,
688,704,707,768,768,768,768,769,775,798,
799,824,831,847,896,896,896,896,911,911,
926,935,960,960,960,960,960,960,960,960,
927,896,903,924,960,960,960,960,960,960,
960,960,960,960,960,960,960,960,960,927,
960,967,960,960,935,960,960,960,960,960,
960,960,960,961,960,960,967,960,960,960,
960,967,960,960,960,960,960,963,960,967,
960,960,960,960,960,960,960,960,960,960,
960,960,960,960,960,960,960,960,960,960,
960,960,967,960,960,960,967,960,963,960,
960,960,967,960,960,960,967,960,963,960,
MEDIDAS OBTENIDAS RAW value
960,960,967,960,960,960,967,960,963,960,
7,1,7,1,15,3,3,1,3,1,
15,7,7,7,15,15,15,15,15,15,
143,152,159,163,176,176,192,192,199,224,
224,224,224,231,248,255,255,255,255,255,
0,255,312,318,312,327,319,352,353,384,
368,384,385,399,415,415,432,448,448,455,
472,481,488,504,513,527,542,543,543,568,
575,591,608,609,624,632,639,655,670,671,
696,704,768,768,768,768,768,775,783,799,
799,830,831,896,896,896,896,911,924,926,
927,960,960,960,960,961,960,960,960,960,
960,896,924,927,961,961,961,967,960,960,
967,963,967,974,961,974,960,960,960,963,
961,963,963,960,960,960,967,960,960,960,
960,960,961,960,960,960,960,961,960,960,
960,960,960,960,960,960,974,967,960,960,
960,960,963,960,960,960,960,960,960,960,
960,960,960,960,960,960,960,960,960,960,
960,960,960,960,960,960,960,960,960,960,
960,960,960,960,960,960,960,960,960,960,
MEDIDAS OBTENIDAS RAW value
960,960,960,960,960,960,960,960,960,960,
7,15,15,24,15,15,15,15,15,15,
30,15,15,28,31,31,28,28,28,31,
159,159,176,184,192,193,199,199,207,224,
224,225,248,252,255,255,255,255,286,295,
304,312,312,312,335,335,352,355,384,384,
384,399,399,415,415,432,448,451,455,463,
480,487,504,510,515,536,540,543,560,572,
574,591,591,608,615,636,639,655,655,671,
671,704,704,768,768,768,768,768,775,783,
799,824,830,831,896,896,896,896,903,911,
924,935,960,960,960,960,960,960,961,960,
927,896,903,924,960,960,960,960,960,960,
960,960,960,960,967,960,960,967,960,960,
960,960,960,960,960,960,960,960,960,960,
960,960,960,960,960,960,960,960,960,967,
961,960,960,960,960,960,961,960,975,960,
960,960,960,960,960,960,960,975,960,967,
960,960,960,967,960,960,963,960,967,960,
960,960,963,961,963,960,975,960,960,960,
960,960,963,961,963,960,975,960,960,960,
MEDIDAS OBTENIDAS RAW value
960,960,963,961,963,960,975,960,960,960,
3,7,3,3,3,0,0,3,7,3,
7,15,7,15,28,28,3,15,31,24,
143,159,167,184,176,163,192,207,193,207,
216,224,240,240,248,252,255,255,255,255,
287,287,312,316,319,335,335,352,359,384,
384,387,391,414,415,448,448,455,455,472,
480,487,504,512,519,527,542,551,568,574,
575,575,608,624,632,638,639,655,671,679,
704,704,768,768,768,768,768,771,799,796,
824,824,846,896,896,896,896,911,911,935,
935,960,963,960,967,960,960,967,975,963,
960,896,920,927,967,960,992,960,960,960,
960,960,984,960,960,960,960,960,960,961,
960,960,960,960,960,960,960,960,960,960,
960,960,960,960,960,960,960,960,960,960,
960,960,960,960,960,960,960,960,960,961,
960,960,960,960,960,960,960,960,960,960,
960,960,960,960,960,960,960,960,963,960,
960,960,960,960,960,960,960,960,960,960,
960,960,960,960,960,960,960,960,960,960,
MEDIDAS OBTENIDAS RAW value
960,960,960,960,960,960,960,960,960,960,
15,24,28,31,15,7,1,15,24,24,
31,30,24,15,31,39,31,39,15,31,
156,192,176,192,192,192,199,199,207,207,
224,227,240,252,254,255,255,255,255,287,
287,304,312,319,319,335,352,352,355,359,
384,384,391,399,415,415,448,448,451,455,
463,480,496,508,512,519,527,543,543,568,
572,575,591,608,611,632,639,639,655,668,
671,696,768,768,768,768,768,768,775,783,
799,824,831,831,896,896,896,896,903,903,
911,960,960,960,960,960,960,960,960,960,
935,896,910,924,960,960,960,960,960,960,
967,960,960,960,963,967,960,960,960,960,
960,967,960,961,960,960,960,992,960,960,
960,960,963,967,960,960,967,960,967,960,
960,960,960,967,960,961,961,960,960,963,
960,960,960,960,967,960,960,960,960,967,
967,967,960,963,960,967,967,974,963,967,
963,967,967,964,975,963,975,967,975,960,
963,967,967,964,975,963,975,967,975,960,
MEDIDAS OBTENIDAS RAW value
963,967,967,964,975,963,975,967,975,960,
0,3,1,1,7,7,0,3,1,3,
7,15,15,15,24,15,28,15,31,28,
159,159,176,184,192,192,195,199,207,192,
224,240,240,248,252,255,255,255,255,287,
287,312,318,319,327,344,352,368,384,384,
384,391,399,415,419,432,448,448,455,463,
480,496,510,513,542,527,543,543,568,560,
574,591,611,608,636,636,668,668,671,688,
704,707,768,768,768,768,768,771,783,799,
799,824,831,864,896,896,896,899,911,924,
927,960,960,960,960,960,960,960,960,960,
935,896,911,924,960,960,960,960,960,960,
960,960,960,960,960,960,960,960,961,960,
960,960,960,960,960,960,960,960,960,960,
960,967,960,960,960,960,960,960,935,960,
935,960,960,960,944,960,960,960,960,960,
960,960,960,960,961,960,960,960,960,960,
960,960,967,960,960,960,960,960,960,960,
975,960,960,960,960,960,960,960,960,975,
975,960,960,960,960,960,960,960,960,975,
MEDIDAS OBTENIDAS RAW value
975,960,960,960,960,960,960,960,960,975,
7,15,7,15,7,7,7,7,7,7,
7,15,24,15,24,15,24,24,28,24,
152,159,163,167,176,192,192,193,193,199,
216,224,227,240,248,252,255,255,255,255,
287,287,312,312,319,327,344,352,355,368,
384,384,391,399,415,423,423,448,448,455,
463,480,496,504,508,540,527,560,527,551,
568,575,591,608,615,632,639,639,655,671,
679,704,704,768,768,768,768,768,775,783,
799,824,831,847,896,896,896,903,911,924,
927,960,960,960,963,960,960,960,960,963,
960,899,911,927,960,960,960,960,960,960,
960,960,967,960,960,960,963,961,967,967,
960,960,960,963,960,960,960,963,960,960,
960,967,960,960,975,960,992,960,963,963,
960,961,975,960,967,960,960,960,960,960,
967,960,960,960,960,960,960,960,961,960,
960,960,960,960,960,960,960,963,960,960,
960,967,960,963,960,960,960,961,960,960,
960,967,960,963,960,960,960,961,960,960,
MEDIDAS OBTENIDAS RAW value
960,967,960,963,960,960,960,961,960,960,
7,15,7,7,15,15,15,7,15,15,
28,28,15,31,28,15,31,28,31,28,
159,159,167,192,192,192,199,195,216,224,
225,224,248,240,255,255,284,255,287,287,
304,287,316,318,352,352,352,355,368,384,
385,391,391,391,448,423,448,448,451,472,
480,487,496,510,512,527,540,543,560,568,
575,575,608,609,632,638,639,639,668,671,
688,704,705,768,768,768,768,768,775,783,
799,824,830,831,896,896,896,896,903,911,
924,927,960,967,960,961,960,960,960,960,
960,896,903,911,960,960,960,975,960,960,
960,960,960,960,960,960,960,960,935,967,
960,967,960,960,960,967,960,961,960,960,
960,960,960,960,960,960,960,960,960,960,
960,960,960,960,960,960,960,960,960,960,
960,960,960,974,960,975,963,960,960,960,
960,960,960,960,960,960,960,960,960,960,
960,960,963,960,967,960,967,960,975,960,
960,960,963,960,967,960,967,960,975,960,
MEDIDAS OBTENIDAS RAW value
960,960,963,960,967,960,967,960,975,960,
3,7,3,3,7,0,15,7,3,7,
1,7,15,28,15,28,7,24,15,31,
143,156,159,158,176,192,192,192,199,199,
224,224,227,240,248,252,255,255,255,286,
286,304,312,319,319,335,352,353,368,384,
384,385,391,412,419,432,448,448,451,480,
480,496,496,508,515,540,543,551,568,572,
575,575,608,615,638,639,639,655,671,679,
704,704,711,768,768,768,768,768,775,799,
828,831,831,856,896,896,896,903,927,927,
960,960,975,960,961,967,967,960,975,960,
960,903,920,924,960,960,961,960,960,960,
960,960,960,960,960,960,960,960,960,960,
960,960,960,960,961,960,992,960,960,960,
960,960,961,960,960,960,960,960,960,960,
960,960,960,960,960,960,960,960,960,960,
960,960,960,960,960,960,960,967,960,960,
960,960,935,960,960,960,935,960,960,960,
960,960,960,960,960,960,960,967,960,960,
960,960,960,960,960,960,960,967,960,960,
MEDIDAS OBTENIDAS RAW value
960,960,960,960,960,960,960,967,960,960,
28,15,15,15,15,15,30,24,15,15,
24,28,15,28,24,24,24,28,30,30,
159,158,167,176,192,192,192,193,199,207,
224,224,231,240,252,252,255,255,284,255,
287,287,316,316,319,319,335,344,355,359,
384,384,387,391,412,415,432,448,448,451,
463,480,496,510,512,515,527,542,543,568,
574,575,575,600,624,624,639,639,639,664,
670,696,704,768,768,768,768,769,771,796,
799,824,831,839,896,896,896,896,903,911,
926,935,960,975,960,960,960,961,960,960,
960,903,911,924,960,960,963,960,960,960,
961,960,960,960,960,963,960,960,960,960,
963,960,961,960,961,960,961,963,960,960,
960,961,960,967,960,967,960,960,961,961,
960,960,967,960,961,963,975,963,960,963,
960,963,975,960,960,975,960,967,960,960,
960,960,960,960,960,960,960,960,960,963,
961,960,961,963,960,963,960,992,960,961,
961,960,961,963,960,963,960,992,960,961,
MEDIDAS OBTENIDAS RAW value
961,960,961,963,960,963,960,992,960,961,
15,15,15,7,15,7,15,15,15,15,
24,28,28,31,31,31,31,31,31,31,
159,159,176,192,192,193,199,207,207,216,
224,225,248,252,255,255,255,255,304,312,
287,316,312,319,319,352,348,368,384,384,
385,387,399,412,419,432,448,448,455,463,
480,480,496,508,513,519,540,542,560,575,
575,575,600,608,624,632,639,639,668,671,
679,704,704,768,768,768,768,768,771,783,
798,816,828,831,864,896,896,896,899,911,
924,927,960,960,960,960,975,960,960,960,
974,896,899,899,960,927,975,960,960,960,
935,960,967,960,960,960,960,960,960,960,
960,960,960,960,960,960,960,960,960,960,
960,960,960,960,960,960,960,960,960,960,
960,960,960,960,960,960,960,960,967,960,
961,960,960,960,960,967,960,967,960,967,
960,992,960,961,960,960,967,975,960,960,
967,960,967,960,960,960,960,960,961,963,
967,960,967,960,960,960,960,960,961,963,
MEDIDAS OBTENIDAS RAW value
967,960,967,960,960,960,960,960,961,963,
7,0,0,3,3,0,1,1,3,7,
7,7,7,15,24,15,24,15,24,24,
159,159,176,176,192,192,192,199,207,224,
224,227,240,252,254,255,255,255,255,287,
304,304,319,319,327,335,352,353,384,384,
384,391,399,415,415,448,448,455,463,472,
480,496,504,510,519,527,542,543,551,560,
575,591,608,624,632,636,655,671,671,670,
688,705,768,768,768,768,768,768,783,799,
799,828,831,856,896,896,896,903,911,920,
926,960,960,960,960,960,975,960,960,960,
960,899,911,911,960,960,960,960,960,967,
960,960,960,960,960,960,960,960,960,960,
960,960,960,960,960,960,960,960,960,960,
960,960,960,975,960,960,960,960,960,975,
967,960,960,927,960,967,960,960,960,960,
960,960,960,960,960,960,960,960,960,960,
960,960,960,963,960,960,960,960,960,960,
960,967,960,960,960,960,960,960,960,960,
960,967,960,960,960,960,960,960,960,960,
MEDIDAS OBTENIDAS RAW value
960,967,960,960,960,960,960,960,960,960,
7,7,7,7,7,7,7,3,3,3,
1,15,7,15,15,15,15,24,24,24,
156,159,159,159,192,192,195,193,199,199,
224,224,231,240,240,252,255,255,255,286,
287,287,304,316,319,327,348,352,352,368,
368,387,391,391,415,415,448,448,455,451,
463,480,483,508,513,508,519,543,543,568,
572,575,591,608,615,632,639,639,655,671,
688,704,707,768,768,768,768,771,783,798,
799,824,831,847,896,896,896,899,911,924,
927,960,960,967,960,960,960,960,967,960,
961,911,920,927,960,960,1008,960,960,960,
967,960,961,967,960,961,960,960,960,975,
960,967,960,963,960,967,967,967,960,967,
960,967,961,967,974,960,960,975,960,967,
960,960,960,992,960,960,960,960,963,960,
960,960,960,960,960,960,960,960,960,960,
960,960,960,960,960,960,960,960,963,960,
960,960,960,960,975,960,960,960,960,960,
960,960,960,960,975,960,960,960,960,960,
MEDIDAS OBTENIDAS RAW value
960,960,960,960,975,960,960,960,960,960,
24,7,24,7,15,15,15,15,15,15,
28,30,28,30,15,31,31,31,31,35,
159,167,176,184,192,195,192,207,207,207,
225,240,248,252,255,254,255,287,287,255,
287,312,316,319,327,335,352,355,368,384,
384,391,399,412,419,432,448,448,451,463,
463,483,504,508,512,519,527,543,543,568,
572,575,591,608,624,632,639,639,664,668,
679,696,707,768,768,768,768,768,775,783,
798,807,830,839,864,896,896,896,903,924,
920,927,960,960,960,974,960,961,960,992,
960,897,903,899,960,967,960,960,935,960,
960,967,960,960,963,960,960,960,960,960,
960,960,960,960,960,960,960,960,960,960,
960,961,960,960,960,960,960,960,960,960,
960,960,960,967,960,960,960,963,960,967,
960,960,960,960,960,960,967,960,963,960,
992,960,999,960,960,960,984,960,960,960,
960,960,960,960,960,960,961,963,975,961,
960,960,960,960,960,960,961,963,975,961,
MEDIDAS OBTENIDAS RAW value
960,960,960,960,960,960,961,963,975,961,
1,3,1,1,3,3,3,3,7,1,
7,7,15,15,15,15,15,15,24,31,
159,159,167,184,192,195,195,199,207,224,
224,240,248,248,255,255,255,255,255,287,
287,312,316,319,327,344,352,368,384,384,
384,391,399,414,432,448,448,451,463,472,
480,487,504,512,527,527,543,536,572,572,
591,575,608,609,639,638,655,639,670,671,
679,707,768,711,768,768,768,783,783,798,
799,828,831,864,896,896,896,903,903,920,
927,960,960,960,963,960,960,960,960,960,
960,903,911,911,960,960,960,960,967,961,
960,960,960,960,960,960,960,960,960,960,
960,960,960,960,960,960,960,960,960,960,
960,975,960,960,960,960,960,975,960,974,
960,960,935,960,960,960,960,960,960,960,
960,960,935,960,1008,974,960,960,960,960,
960,963,960,960,960,960,960,960,960,960,
995,960,960,975,960,960,975,960,960,960,
995,960,960,975,960,960,975,960,960,960,
MEDIDAS OBTENIDAS RAW value
995,960,960,975,960,960,975,960,960,960,
7,7,7,7,7,3,3,7,7,7,
7,15,7,7,15,15,0,7,28,7,
156,158,176,167,184,184,192,195,195,199,
207,224,225,240,240,252,255,255,255,255,
284,295,304,316,319,335,344,352,355,384,
355,384,399,399,412,408,415,448,448,455,
480,480,504,508,508,515,527,543,543,568,
572,575,600,608,624,632,639,639,670,671,
688,704,707,768,768,768,768,768,783,799,
799,824,831,847,896,896,896,899,911,924,
927,960,960,960,960,960,975,960,960,960,
963,911,920,926,960,960,967,960,960,961,
960,960,960,975,960,963,960,960,960,995,
960,960,960,961,967,992,960,967,960,960,
960,960,960,960,960,960,960,961,960,967,
960,960,960,963,960,960,960,960,960,960,
960,960,960,960,960,960,960,960,960,960,
960,960,960,960,960,960,960,963,960,960,
960,960,960,960,961,960,960,960,960,960,
960,960,960,960,961,960,960,960,960,960,
MEDIDAS OBTENIDAS RAW value
960,960,960,960,961,960,960,960,960,960,
7,7,7,15,15,15,15,7,15,7,
28,24,31,15,31,24,31,24,35,28,
159,176,176,192,192,193,193,207,207,224,
224,231,240,252,255,255,255,287,255,287,
287,312,319,327,335,335,348,368,368,384,
384,384,391,414,408,448,448,448,455,463,
480,483,504,508,515,527,540,543,560,572,
575,575,604,611,632,636,639,655,668,671,
688,704,705,768,768,768,768,768,775,783,
799,807,830,839,856,896,896,896,903,911,
924,927,960,960,960,960,960,960,960,960,
960,897,903,911,960,960,960,960,960,960,
960,960,960,960,960,960,960,960,960,960,
960,960,960,967,960,960,975,960,960,960,
960,960,960,960,960,960,960,984,960,960,
960,960,960,960,960,960,960,960,960,960,
960,960,960,960,967,960,960,960,960,960,
963,960,960,960,967,960,963,960,960,960,
961,967,960,960,960,963,960,975,960,960,
961,967,960,960,960,963,960,975,960,960,
