/*Log generado con una ganancia de 50 (500k) - ADC0 - actuador M*/

MEDIDAS OBTENIDAS RAW value
56,63,60,63,60,63,63,60,60,60,
7,3,7,7,7,7,7,7,15,15,
7,7,7,15,7,15,7,15,15,7,
48,56,56,56,56,56,56,56,56,56,
62,60,60,62,62,60,60,60,60,60,
62,60,60,60,60,60,60,60,62,62,
63,60,60,60,63,62,60,60,63,62,
62,60,60,56,63,63,56,63,63,63,
56,63,56,63,60,63,60,60,63,60,
63,63,56,56,60,60,60,62,60,60,
60,60,56,60,60,56,56,56,56,60,
56,56,56,56,56,56,56,56,48,56,
56,56,56,48,56,56,48,56,48,48,
48,48,56,48,48,39,48,48,48,39,
48,39,48,48,48,48,39,48,48,56,
56,48,48,48,48,48,48,48,31,48,
31,56,56,56,31,48,48,60,39,48,
48,56,56,48,56,56,39,56,48,48,
56,56,48,48,48,56,56,56,56,48,
56,56,56,56,48,56,56,56,56,56,
56,56,56,56,48,56,56,56,56,56,
MEDIDAS OBTENIDAS RAW value
56,56,56,56,48,56,56,56,56,56,
7,15,15,15,7,7,15,15,15,15,
7,15,7,7,7,7,7,3,7,7,
48,39,48,39,48,35,39,39,35,48,
48,48,48,48,48,48,48,56,48,56,
60,48,39,48,56,48,56,31,48,39,
56,31,39,35,56,35,60,48,56,48,
56,56,48,48,56,56,56,56,56,56,
56,56,56,56,56,56,56,56,56,48,
56,48,56,56,56,56,60,56,60,56,
60,60,60,62,60,63,60,60,62,60,
60,56,62,62,62,60,60,60,60,62,
56,62,56,63,62,63,62,60,60,62,
60,63,62,62,62,60,60,60,56,56,
60,48,63,56,60,56,62,62,63,60,
63,60,63,56,63,60,60,62,60,62,
56,62,60,60,60,56,60,56,56,56,
56,56,60,56,56,48,56,56,48,48,
56,56,56,48,56,48,48,48,56,56,
56,48,56,48,48,48,48,48,48,48,
56,48,56,48,48,48,48,48,48,48,
MEDIDAS OBTENIDAS RAW value
56,48,56,48,48,48,48,48,48,48,
28,15,28,24,24,24,28,28,15,24,
24,15,24,28,15,28,24,24,7,24,
56,56,56,56,56,63,60,60,63,60,
60,63,63,62,60,62,60,63,60,60,
62,62,60,62,60,60,60,60,56,56,
56,60,56,56,56,56,56,56,56,56,
48,56,56,56,48,48,48,56,56,48,
48,48,56,48,56,48,48,39,56,48,
48,48,39,39,48,48,48,48,39,48,
48,48,48,60,56,48,56,56,48,56,
31,31,35,39,48,48,39,31,48,60,
39,39,39,48,39,48,56,48,48,56,
48,48,48,56,56,56,48,56,56,56,
56,56,56,56,56,56,56,56,48,56,
56,56,56,60,56,60,56,60,60,56,
62,60,63,60,62,60,60,60,60,62,
60,63,60,60,60,62,60,60,62,56,
63,60,63,60,60,60,62,56,63,60,
62,63,56,56,63,56,56,63,56,63,
62,63,56,56,63,56,56,63,56,63,
MEDIDAS OBTENIDAS RAW value
62,63,56,56,63,56,56,63,56,63,
7,15,15,15,15,15,15,15,15,7,
15,7,15,7,15,15,15,15,15,24,
56,56,60,60,63,60,62,60,63,56,
63,62,62,60,60,63,60,62,56,60,
60,60,60,62,56,62,60,62,60,63,
63,63,56,60,56,56,56,60,56,56,
56,60,60,56,56,60,56,63,63,63,
60,60,62,56,60,60,60,60,62,60,
63,60,60,60,60,56,56,56,56,56,
56,56,48,56,48,56,56,48,48,48,
56,48,56,48,56,48,56,48,56,48,
48,48,48,48,48,48,48,39,48,48,
48,39,39,39,48,39,48,56,48,48,
48,56,56,62,39,48,31,60,48,48,
31,48,31,48,48,48,39,48,56,48,
56,31,48,56,48,56,48,48,48,56,
56,48,56,48,56,56,56,56,56,56,
48,56,56,56,56,56,56,56,56,56,
56,56,56,60,60,60,56,60,60,63,
56,56,56,60,60,60,56,60,60,63,
MEDIDAS OBTENIDAS RAW value
56,56,56,60,60,60,56,60,60,63,
1,1,3,3,3,3,7,1,7,3,
15,15,28,7,15,15,24,24,31,15,
120,127,127,127,127,143,159,143,156,159,
159,184,163,192,192,195,199,207,207,224,
224,225,240,248,252,31,255,255,255,255,
255,287,287,312,312,319,319,327,335,352,
352,353,384,384,384,387,391,408,412,415,
419,448,448,448,449,463,463,480,480,487,
504,504,511,519,527,540,543,551,560,572,
575,575,591,604,608,608,624,636,636,638,
639,639,670,671,696,704,704,704,768,768,
768,768,768,768,768,769,775,783,799,799,
816,824,828,831,839,847,864,896,896,896,
896,896,899,911,911,924,926,927,935,960,
960,960,960,960,960,992,960,960,960,960,
960,960,960,960,960,960,960,960,960,960,
960,960,960,960,960,960,960,960,960,960,
960,960,963,960,960,960,963,960,960,960,
935,960,960,960,960,960,960,927,960,960,
935,960,960,960,960,960,960,927,960,960,
MEDIDAS OBTENIDAS RAW value
935,960,960,960,960,960,960,927,960,960,
15,15,7,15,15,15,15,15,15,24,
30,30,39,31,48,48,56,48,56,39,
127,127,127,143,152,159,158,167,159,176,
184,192,192,192,195,199,207,207,224,224,
224,227,240,248,252,255,255,255,255,255,
286,287,287,304,316,319,319,327,327,335,
344,352,359,384,384,384,384,387,391,399,
412,415,432,448,448,448,451,463,480,480,
483,496,508,510,515,527,536,540,543,543,
551,568,575,575,575,600,608,632,632,639,
636,639,655,670,679,696,696,704,704,707,
768,768,768,768,768,768,771,775,783,796,
799,816,824,831,831,847,856,896,896,896,
896,896,903,911,911,927,927,927,960,960,
960,967,960,967,960,960,963,960,960,960,
960,960,992,960,960,960,961,961,963,960,
960,960,963,967,967,960,961,960,961,960,
961,960,960,963,960,960,960,960,963,967,
967,960,967,967,975,963,984,960,961,960,
967,960,967,967,975,963,984,960,961,960,
MEDIDAS OBTENIDAS RAW value
967,960,967,967,975,963,984,960,961,960,
7,7,7,3,7,7,7,7,7,7,
7,31,31,30,31,31,31,31,31,31,
127,127,127,143,143,159,158,167,159,176,
184,192,192,195,199,199,207,224,224,231,
240,240,248,254,255,255,255,255,255,284,
255,287,304,312,318,327,335,335,352,344,
352,368,384,384,391,387,399,399,415,415,
423,448,448,448,451,455,472,480,483,481,
496,504,510,515,519,527,542,543,543,560,
572,574,575,591,604,608,615,624,632,638,
639,639,655,670,671,688,696,704,704,707,
512,768,768,768,768,768,768,775,775,783,
796,799,816,828,831,831,847,896,896,896,
896,896,896,899,896,903,924,911,927,927,
960,960,960,960,960,960,975,960,963,960,
960,967,967,960,960,960,960,961,960,960,
960,960,960,960,960,960,960,960,963,960,
960,960,960,960,963,960,960,967,960,999,
960,960,960,975,960,960,960,960,963,960,
960,960,960,975,960,960,960,960,963,960,
MEDIDAS OBTENIDAS RAW value
960,960,960,975,960,960,960,960,963,960,
7,3,3,3,1,3,1,3,0,1,
7,15,15,15,24,15,24,24,28,31,
124,127,127,127,143,143,143,159,143,158,
156,192,167,192,192,192,195,199,207,224,
224,224,240,240,252,252,255,255,255,255,
255,287,287,304,312,318,319,319,0,344,
352,352,368,384,384,384,384,399,399,412,
415,432,448,448,449,455,472,480,481,483,
504,508,512,527,527,540,542,551,568,568,
574,575,591,600,608,608,632,632,639,639,
639,655,668,671,688,704,704,705,707,768,
768,768,768,768,768,771,775,796,798,799,
799,830,830,839,831,896,896,896,896,896,
896,903,903,911,924,926,927,927,960,960,
960,960,961,960,967,960,960,960,960,960,
960,960,960,963,960,960,960,963,960,960,
960,961,960,960,960,960,960,960,960,960,
960,960,960,960,960,960,960,960,960,960,
960,960,960,960,960,960,960,960,960,960,
960,960,960,960,960,960,960,960,960,960,
MEDIDAS OBTENIDAS RAW value
960,960,960,960,960,960,960,960,960,960,
15,7,15,15,15,24,15,7,15,7,
31,31,39,28,39,31,39,39,56,31,
127,127,127,159,156,156,159,176,176,167,
192,192,192,195,195,199,207,216,224,224,
227,227,248,240,254,255,255,255,255,255,
284,287,287,304,312,319,319,327,327,335,
352,352,359,384,384,384,384,391,399,399,
412,415,419,448,448,448,451,463,472,480,
480,496,504,512,515,527,536,542,543,543,
568,568,575,575,591,575,608,611,632,636,
636,639,668,671,679,671,696,696,704,711,
768,768,768,768,768,768,769,775,783,798,
799,807,824,830,831,839,864,896,896,896,
896,896,903,910,911,924,927,927,960,960,
960,960,960,960,963,960,960,960,960,963,
960,967,960,960,960,961,960,960,960,963,
963,967,960,961,960,967,963,963,960,963,
961,960,967,960,967,960,960,960,961,960,
960,967,960,963,963,963,975,963,967,963,
960,967,960,963,963,963,975,963,967,963,
MEDIDAS OBTENIDAS RAW value
960,967,960,963,963,963,975,963,967,963,
7,3,7,3,7,7,15,7,7,7,
24,31,31,28,31,31,31,31,39,31,
127,127,143,127,156,152,159,159,159,176,
184,192,192,195,199,207,224,224,224,227,
240,240,248,254,255,255,255,255,255,255,
286,287,318,318,319,319,319,327,352,352,
359,368,384,384,387,387,399,391,412,415,
415,432,448,448,451,463,480,480,480,483,
496,504,510,515,519,527,542,543,551,560,
572,575,575,591,604,608,624,624,636,636,
639,639,655,671,671,679,688,704,704,707,
768,768,768,768,768,768,768,769,783,796,
799,799,816,828,831,839,847,864,896,896,
896,896,896,899,903,911,911,924,935,935,
961,960,960,960,960,960,961,960,960,935,
967,960,960,960,960,960,960,960,960,960,
960,960,960,960,960,960,960,960,975,960,
960,960,960,960,960,960,960,961,960,963,
960,960,960,960,960,960,960,960,960,960,
960,960,960,960,960,960,960,960,960,960,
MEDIDAS OBTENIDAS RAW value
960,960,960,960,960,960,960,960,960,960,
3,7,1,7,3,3,7,3,1,0,
15,7,15,7,15,7,15,15,28,24,
127,120,127,127,127,143,143,143,143,159,
159,176,176,176,184,192,195,195,207,193,
207,227,240,240,240,248,252,255,255,255,
28,287,287,304,312,318,319,327,327,352,
352,355,368,384,384,384,391,399,412,412,
415,423,448,448,448,455,480,480,480,496,
496,504,512,519,536,540,543,551,568,572,
575,575,575,591,608,608,615,632,636,639,
639,655,670,679,704,704,768,768,768,768,
768,768,768,768,768,768,775,775,796,799,
798,824,831,831,831,839,864,896,896,896,
896,897,903,911,924,927,927,927,960,960,
960,963,960,967,960,975,960,960,960,960,
960,960,960,960,967,960,960,960,960,960,
960,960,960,960,960,960,960,960,960,960,
960,960,960,960,960,960,960,960,960,960,
960,960,960,960,960,960,960,960,960,960,
960,960,960,960,960,960,960,960,960,960,
MEDIDAS OBTENIDAS RAW value
960,960,960,960,960,960,960,960,960,960,
15,15,24,15,28,24,15,15,24,28,
31,31,31,28,31,31,39,39,48,39,
127,127,127,143,156,158,159,176,159,176,
192,192,193,192,199,199,224,216,224,224,
225,227,240,248,252,255,255,255,255,255,
255,287,287,304,316,318,319,319,327,344,
352,352,355,384,384,384,385,391,391,408,
412,415,423,448,448,448,455,455,472,480,
480,487,504,511,513,527,527,542,543,560,
568,568,575,575,591,604,608,624,615,632,
632,639,655,639,671,671,704,704,704,707,
768,768,768,768,768,768,768,775,783,798,
799,799,824,830,831,846,856,896,896,896,
896,896,903,903,911,924,927,927,960,960,
960,960,960,992,992,960,961,960,963,960,
975,960,963,961,960,975,960,967,960,967,
960,975,960,960,967,961,961,960,961,961,
967,960,992,960,960,961,960,963,960,960,
960,960,960,960,967,960,992,963,960,960,
960,960,960,960,967,960,992,963,960,960,
MEDIDAS OBTENIDAS RAW value
960,960,960,960,967,960,992,963,960,960,
7,7,7,7,7,15,7,7,7,7,
31,31,31,31,31,39,31,35,31,39,
127,127,127,143,152,159,159,159,167,176,
184,192,192,195,199,207,224,224,224,225,
240,240,252,252,255,255,255,255,255,284,
287,287,304,316,319,319,327,352,344,353,
368,368,384,384,384,387,399,414,414,415,
423,432,448,448,451,455,472,480,480,483,
496,504,508,513,519,527,540,543,543,560,
568,575,575,591,600,608,615,624,632,636,
639,639,655,668,671,679,696,704,704,707,
707,768,768,768,768,768,768,775,775,783,
796,799,816,828,831,831,847,864,896,896,
896,896,896,896,910,896,924,924,927,927,
960,960,960,960,967,960,960,960,960,967,
960,960,960,960,960,960,960,960,960,960,
960,960,960,960,960,960,960,961,960,960,
960,974,960,960,960,960,960,960,967,960,
975,960,960,963,960,960,960,960,960,992,
975,960,960,963,960,960,960,960,960,992,
MEDIDAS OBTENIDAS RAW value
975,960,960,963,960,960,960,960,960,992,
3,3,3,7,3,3,3,3,7,3,
15,28,24,30,24,31,24,31,28,28,
124,126,127,127,127,127,156,156,159,156,
159,176,192,192,193,192,192,224,199,224,
207,224,224,252,227,252,255,255,255,255,
255,255,287,287,312,316,319,319,335,344,
352,352,368,384,384,385,387,399,408,414,
415,432,448,448,448,455,463,480,480,483,
496,504,510,515,519,540,543,551,560,568,
572,575,591,608,608,615,632,632,639,639,
639,639,670,671,688,688,704,704,768,768,
768,768,768,768,768,775,775,799,798,799,
799,816,831,831,847,864,864,864,896,896,
896,896,896,911,920,926,927,927,960,960,
960,961,960,960,960,961,963,960,975,960,
960,960,960,960,967,960,960,960,960,963,
960,960,960,967,960,960,960,960,960,960,
960,960,960,960,960,960,963,960,960,960,
960,960,960,960,960,960,960,960,960,960,
960,960,960,960,960,960,960,960,960,960,
MEDIDAS OBTENIDAS RAW value
960,960,960,960,960,960,960,960,960,960,
15,7,15,15,15,15,15,15,15,15,
31,48,48,31,30,39,48,62,56,48,
127,127,143,127,159,158,127,159,159,192,
167,192,192,192,199,199,207,224,224,224,
225,240,240,248,254,255,255,255,255,255,
286,287,295,304,312,316,319,327,327,335,
335,352,355,384,384,384,384,391,391,412,
412,415,423,448,448,449,455,463,480,480,
483,496,504,508,513,527,527,540,542,543,
560,568,575,591,591,591,604,615,636,639,
636,639,639,655,671,679,696,688,704,711,
768,768,768,768,768,768,768,768,783,783,
799,799,816,828,831,839,847,864,896,896,
896,896,899,911,911,924,924,927,935,960,
960,961,960,960,960,963,960,960,960,960,
967,960,960,960,960,963,960,961,967,961,
960,975,960,960,960,960,963,960,960,960,
961,963,960,960,960,960,963,963,974,963,
967,967,975,967,967,960,960,960,967,960,
967,967,975,967,967,960,960,960,967,960,
MEDIDAS OBTENIDAS RAW value
967,967,975,967,967,960,960,960,967,960,
1,3,7,3,3,1,3,3,3,7,
24,28,24,31,30,30,31,31,39,31,
127,127,127,143,143,159,159,159,159,176,
184,192,192,192,195,207,207,224,224,224,
227,240,248,252,255,255,255,255,255,287,
287,304,304,312,319,319,319,335,344,352,
353,353,384,384,391,387,399,408,414,415,
448,423,449,448,451,455,480,480,483,487,
504,508,511,515,519,536,543,543,560,560,
572,575,575,591,608,608,615,624,636,636,
639,639,664,671,679,688,704,704,704,768,
768,768,768,768,768,768,768,771,775,783,
796,799,816,824,830,831,839,864,896,896,
896,896,896,899,903,911,920,924,927,935,
960,960,967,960,960,927,960,960,960,960,
960,960,960,960,960,960,960,960,960,961,
967,960,960,960,960,960,960,960,960,960,
960,960,960,960,960,960,961,960,960,960,
960,960,963,960,960,960,960,992,960,960,
960,960,963,960,960,960,960,992,960,960,
MEDIDAS OBTENIDAS RAW value
960,960,963,960,960,960,960,992,960,960,
15,7,15,7,15,7,7,7,7,15,
30,30,30,31,30,31,31,31,31,31,
127,126,127,127,127,127,152,143,159,159,
167,176,184,192,192,195,195,207,207,216,
224,224,231,248,248,248,255,255,255,255,
255,287,287,304,312,318,319,319,319,335,
352,355,359,368,368,384,385,399,391,399,
408,414,432,448,448,451,455,472,472,480,
481,504,504,512,519,519,540,543,551,560,
568,575,575,600,608,609,615,632,632,639,
639,655,668,671,688,688,704,704,768,768,
768,768,768,768,768,771,775,783,796,799,
816,824,831,831,831,847,896,896,896,896,
896,897,903,911,924,927,926,960,960,961,
960,967,960,960,967,967,975,963,963,961,
960,960,967,960,960,960,960,961,967,960,
960,960,960,967,960,960,960,967,960,960,
960,960,960,960,992,960,960,960,960,960,
992,960,960,960,960,960,960,960,960,960,
992,960,960,960,960,960,960,960,960,960,
MEDIDAS OBTENIDAS RAW value
992,960,960,960,960,960,960,960,960,960,
15,15,7,15,15,24,15,15,24,15,
31,31,31,35,39,39,48,39,48,39,
127,127,143,143,159,159,159,159,176,176,
192,192,192,193,199,207,199,224,224,240,
225,240,240,255,248,255,255,255,255,287,
287,295,312,319,318,319,319,335,335,352,
352,368,384,384,384,387,391,399,399,412,
415,432,448,448,448,449,455,472,480,480,
483,496,504,511,515,519,527,542,543,560,
568,572,575,575,591,608,608,611,624,632,
636,639,639,655,668,671,688,704,704,707,
512,768,768,768,768,768,768,771,783,775,
798,807,816,816,831,831,847,864,847,896,
896,896,896,911,896,911,911,927,927,935,
960,960,960,960,960,961,960,960,960,960,
960,975,960,960,960,967,960,963,960,960,
960,960,967,960,963,960,963,960,960,961,
960,963,960,1008,960,960,960,974,960,975,
967,960,967,960,963,960,974,960,960,960,
967,960,967,960,963,960,974,960,960,960,
MEDIDAS OBTENIDAS RAW value
967,960,967,960,963,960,974,960,960,960,
3,15,7,7,7,7,3,0,0,3,
15,28,15,31,30,24,31,31,56,31,
127,127,127,127,143,127,156,152,159,159,
176,176,192,192,193,199,207,207,224,224,
224,227,240,248,252,255,255,255,255,255,
286,287,304,312,319,319,327,327,352,352,
359,368,384,384,384,387,399,399,414,415,
423,448,448,448,451,463,472,480,481,496,
496,508,511,519,527,542,543,543,568,572,
572,575,600,608,611,609,608,632,639,636,
639,639,671,679,688,704,704,704,707,768,
768,768,768,768,768,768,775,783,792,799,
799,816,824,830,831,839,864,896,896,896,
896,896,897,903,911,911,926,926,927,935,
960,960,960,960,992,960,960,960,960,960,
960,960,960,960,960,960,960,963,960,960,
960,960,960,960,960,960,960,960,960,960,
960,960,960,960,944,960,903,960,960,960,
960,960,960,960,960,960,960,935,960,960,
960,960,960,960,960,960,960,935,960,960,
MEDIDAS OBTENIDAS RAW value
960,960,960,960,960,960,960,935,960,960,
15,15,28,15,3,24,3,28,28,15,
31,31,31,48,48,48,35,39,39,39,
127,127,127,152,143,158,159,159,159,176,
176,248,192,192,195,199,199,207,207,224,
224,227,240,240,248,255,255,255,255,255,
255,255,287,304,316,316,319,319,327,335,
352,352,353,368,384,384,384,387,391,399,
412,415,423,448,448,448,455,463,472,496,
481,504,496,513,512,527,519,543,543,560,
568,568,574,575,575,608,608,615,611,632,
638,639,639,655,671,679,696,704,704,768,
768,768,768,768,768,768,775,775,783,796,
799,807,824,830,831,839,856,896,896,896,
896,896,903,911,920,927,927,927,960,960,
960,960,960,960,975,960,963,960,961,960,
960,960,967,960,960,960,961,961,963,960,
963,961,960,974,963,960,960,960,963,960,
960,960,960,967,974,960,960,975,960,967,
960,967,960,961,960,960,967,960,960,960,
960,967,960,961,960,960,967,960,960,960,
MEDIDAS OBTENIDAS RAW value
960,967,960,961,960,960,967,960,960,960,
3,3,3,7,7,3,7,1,7,3,
7,15,15,15,28,15,28,28,24,28,
127,143,127,143,156,159,159,159,176,176,
192,192,192,192,199,207,207,224,224,227,
227,248,248,254,255,255,255,255,255,287,
287,295,304,318,319,319,327,327,352,352,
355,384,384,384,384,385,399,415,412,415,
419,432,455,449,463,451,480,480,487,487,
504,508,511,519,527,527,542,543,560,560,
572,574,575,591,604,608,611,615,632,638,
639,639,655,670,671,679,704,704,707,707,
768,768,768,768,768,768,768,769,775,796,
796,799,799,824,828,831,831,856,856,896,
896,896,896,903,903,911,911,924,927,935,
960,960,960,935,960,960,960,960,960,960,
961,960,963,960,960,960,960,960,960,960,
960,960,960,960,960,961,960,960,960,960,
967,960,960,960,967,960,961,960,960,960,
960,960,960,963,960,960,960,967,960,960,
960,960,960,963,960,960,960,967,960,960,
MEDIDAS OBTENIDAS RAW value
960,960,960,963,960,960,960,967,960,960,
15,7,7,15,7,7,7,7,7,7,
7,15,15,15,28,15,28,15,28,15,
126,127,127,127,127,143,158,158,159,159,
159,176,184,192,192,192,199,199,207,216,
224,224,227,240,248,254,255,255,255,255,
255,284,287,295,287,304,316,319,327,335,
327,352,353,384,384,384,384,387,399,415,
415,415,448,448,451,451,455,463,480,480,
487,496,508,510,515,527,527,543,543,560,
568,575,575,591,591,608,615,632,636,636,
639,639,671,671,688,696,704,704,711,768,
768,768,768,768,768,768,769,783,798,799,
799,824,830,831,839,847,856,896,896,896,
896,897,903,911,924,935,924,935,926,960,
960,967,960,974,960,963,960,961,961,960,
967,960,961,961,960,975,984,960,967,963,
960,975,960,960,960,961,960,960,960,960,
960,960,967,960,960,960,960,960,975,960,
960,960,960,960,960,960,960,960,960,960,
960,960,960,960,960,960,960,960,960,960,
MEDIDAS OBTENIDAS RAW value
960,960,960,960,960,960,960,960,960,960,
7,7,7,15,3,15,7,15,7,15,
24,24,28,28,28,28,31,30,31,31,
127,127,127,156,143,159,159,159,176,176,
192,192,192,193,199,207,216,216,224,224,
227,248,248,255,255,255,255,255,255,287,
287,287,287,312,319,335,327,344,352,353,
355,352,384,384,384,399,391,399,414,415,
419,448,448,448,451,455,463,480,480,487,
496,504,508,511,519,527,540,543,543,551,
568,572,575,575,600,604,608,624,632,639,
638,639,639,668,670,688,688,704,704,705,
711,768,768,768,768,768,768,769,775,783,
796,799,824,824,831,831,831,831,896,896,
896,896,897,896,896,911,920,911,911,924,
960,944,960,960,960,960,960,960,960,960,
960,960,960,960,960,975,960,960,960,967,
960,961,960,960,960,960,960,960,960,960,
961,960,960,960,960,967,960,967,960,967,
960,961,960,995,960,960,975,960,961,960,
960,961,960,995,960,960,975,960,961,960,
MEDIDAS OBTENIDAS RAW value
960,961,960,995,960,960,975,960,961,960,
7,3,3,3,1,1,3,3,3,3,
7,7,3,15,15,15,15,15,15,15,
120,127,127,127,127,143,156,152,159,156,
167,176,192,192,195,192,199,224,224,207,
227,224,240,248,254,248,254,255,255,255,
287,287,287,295,316,316,319,319,327,335,
352,352,368,384,384,384,387,391,399,414,
415,432,448,448,449,455,472,480,480,483,
496,508,512,513,519,527,543,543,560,560,
575,575,591,600,608,611,615,636,638,639,
639,655,668,679,675,704,704,704,705,768,
768,768,768,768,768,768,783,783,798,799,
799,824,847,831,856,847,847,896,896,896,
896,896,897,897,926,924,927,927,935,960,
960,960,967,960,963,960,963,960,960,960,
960,960,960,960,960,992,960,960,960,960,
960,960,960,960,960,960,960,960,960,960,
960,960,960,960,960,960,960,967,960,960,
960,960,960,960,960,960,967,960,960,960,
960,960,960,960,960,960,967,960,960,960,
MEDIDAS OBTENIDAS RAW value
960,960,960,960,960,960,967,960,960,960,
24,15,15,24,15,15,15,15,15,15,
28,15,28,15,30,28,30,28,31,31,
127,143,127,62,143,159,159,184,167,176,
184,192,192,199,195,199,207,207,224,240,
248,248,248,252,255,255,255,255,255,287,
287,287,304,312,319,319,327,327,335,352,
352,368,368,384,384,385,391,399,399,408,
415,415,432,448,448,448,462,463,480,480,
481,496,504,512,515,519,527,540,543,556,
560,568,575,575,591,600,608,609,624,632,
636,639,639,655,668,679,688,704,704,707,
711,768,768,768,768,768,768,768,771,796,
799,799,799,799,831,831,847,860,896,896,
896,896,896,899,903,911,924,926,927,935,
960,960,960,960,960,975,960,960,967,960,
967,960,960,960,975,960,960,960,960,960,
960,960,960,960,960,960,961,974,960,960,
961,960,960,960,960,967,963,960,960,960,
963,960,961,960,960,960,963,963,960,960,
963,960,961,960,960,960,963,963,960,960,
MEDIDAS OBTENIDAS RAW value
963,960,961,960,960,960,963,963,960,960,
7,1,0,3,0,7,15,0,0,7,
7,7,7,15,15,15,15,15,15,24,
127,127,127,127,127,152,143,159,159,163,
176,192,192,192,192,199,207,207,216,224,
224,227,240,248,248,255,255,255,255,255,
287,287,304,316,319,319,327,335,352,352,
353,353,384,384,385,387,391,399,412,415,
419,432,448,448,455,463,472,480,483,496,
496,508,512,519,527,540,536,551,556,568,
572,572,575,608,600,608,624,624,632,639,
655,655,670,675,704,704,704,704,707,768,
768,768,768,768,768,768,771,775,783,796,
799,816,824,828,831,831,847,896,896,896,
896,896,896,903,911,911,924,924,927,927,
960,960,960,960,960,960,960,960,960,960,
963,960,960,960,960,960,975,960,960,960,
960,960,960,960,960,960,960,975,960,960,
960,960,960,960,960,960,960,960,960,960,
960,935,960,960,960,960,960,992,960,960,
960,935,960,960,960,960,960,992,960,960,
MEDIDAS OBTENIDAS RAW value
960,935,960,960,960,960,960,992,960,960,
24,15,15,7,24,15,15,24,30,15,
28,31,31,15,31,24,30,7,31,28,
127,127,127,143,156,159,159,159,159,159,
184,184,192,192,192,199,199,207,224,224,
224,227,240,248,252,255,255,255,255,255,
255,284,287,304,312,312,319,319,327,327,
335,352,353,368,384,384,384,387,391,399,
412,415,432,448,448,448,455,463,472,480,
480,480,504,511,508,515,527,542,542,568,
568,572,572,575,591,608,608,624,636,632,
636,639,639,668,671,688,688,704,704,707,
711,768,768,768,768,768,768,775,783,783,
799,799,824,831,831,847,847,896,896,896,
896,896,899,910,911,924,927,927,935,960,
960,960,961,961,960,960,963,963,960,963,
967,960,960,975,984,960,960,960,961,967,
960,960,961,960,960,960,960,967,960,967,
960,992,960,963,992,975,961,992,960,963,
975,960,992,960,960,960,960,960,961,960,
975,960,992,960,960,960,960,960,961,960,
MEDIDAS OBTENIDAS RAW value
975,960,992,960,960,960,960,960,961,960,
7,3,7,7,15,7,7,7,7,7,
24,15,15,15,15,28,28,24,28,28,
127,127,127,143,143,159,159,167,167,167,
192,192,199,195,199,199,224,224,227,225,
240,240,248,255,255,255,255,255,255,286,
287,295,304,316,319,327,327,352,352,352,
352,359,384,384,384,391,391,408,399,408,
419,432,448,449,448,455,463,480,480,487,
496,508,510,519,519,527,540,543,560,568,
568,575,575,591,608,608,611,615,632,638,
639,639,639,655,671,675,688,704,704,705,
768,768,768,768,768,768,768,771,775,783,
796,799,816,824,828,831,831,847,864,896,
896,896,896,896,903,911,911,924,911,931,
927,972,960,960,960,960,960,975,960,960,
960,960,960,960,960,960,960,960,927,960,
960,960,960,960,960,967,960,960,960,960,
960,960,967,960,960,960,960,960,960,960,
960,960,960,975,960,960,960,975,960,960,
960,960,960,975,960,960,960,975,960,960,
MEDIDAS OBTENIDAS RAW value
960,960,960,975,960,960,960,975,960,960,
7,15,7,7,3,7,7,7,3,7,
7,15,7,15,7,15,15,15,24,7,
126,127,127,127,143,143,156,158,143,159,
167,176,184,192,192,192,195,199,207,216,
224,224,227,240,254,252,255,255,255,255,
255,287,287,287,312,316,312,318,319,344,
335,352,352,384,384,384,385,387,391,399,
414,415,423,448,448,451,463,480,480,480,
487,504,512,513,519,527,542,543,560,568,
568,575,575,600,600,609,609,632,636,639,
639,655,664,671,679,696,704,704,711,768,
768,768,768,768,768,768,775,783,783,799,
799,816,824,831,831,847,896,896,896,896,
896,899,911,924,927,935,924,927,927,960,
960,960,960,960,960,961,960,960,960,960,
960,960,960,960,960,960,960,963,961,960,
960,963,960,960,960,960,967,960,960,960,
961,960,960,960,960,960,960,960,960,960,
960,960,960,960,960,961,960,960,960,960,
960,960,960,960,960,961,960,960,960,960,
MEDIDAS OBTENIDAS RAW value
960,960,960,960,960,961,960,960,960,960,
15,15,15,15,7,15,7,15,15,15,
24,15,28,24,28,24,24,30,24,31,
127,127,143,156,159,159,159,159,176,176,
184,192,193,192,195,199,207,224,224,227,
240,240,248,255,252,255,255,286,255,287,
287,312,312,316,312,319,319,335,352,352,
352,368,384,384,384,385,387,399,412,414,
415,432,432,448,448,455,463,472,480,483,
487,504,504,515,515,527,527,543,543,551,
560,568,575,575,591,591,608,608,624,632,
636,639,639,655,670,671,688,704,704,705,
768,768,768,768,768,768,768,769,775,783,
792,799,816,824,824,831,847,847,847,896,
896,896,896,903,903,927,911,924,920,926,
960,960,960,960,960,960,960,960,960,960,
960,960,960,961,960,960,960,960,960,984,
960,960,960,960,974,960,960,960,967,960,
967,960,960,960,960,960,960,960,960,960,
960,975,960,960,967,963,961,960,960,960,
960,975,960,960,967,963,961,960,960,960,
MEDIDAS OBTENIDAS RAW value
960,975,960,960,967,963,961,960,960,960,
1,1,1,0,1,3,3,3,7,3,
7,15,7,15,15,24,7,7,15,24,
120,127,127,127,127,143,156,159,158,143,
159,192,192,184,192,193,224,207,207,207,
224,225,248,248,252,254,255,255,255,255,
255,287,287,312,312,319,319,327,335,344,
352,355,384,384,384,385,399,399,414,415,
432,432,448,448,455,455,472,480,483,496,
504,508,511,515,527,527,543,543,551,568,
574,575,575,600,604,609,615,632,638,639,
639,655,668,671,688,696,696,704,705,768,
768,768,768,768,768,771,769,783,783,799,
799,816,824,830,831,847,864,896,896,896,
896,896,899,903,911,911,924,924,927,935,
960,960,960,960,960,960,960,960,960,960,
960,960,960,960,992,960,960,960,960,960,
960,960,960,960,960,960,960,960,960,960,
960,960,960,960,960,960,960,960,960,960,
960,960,967,960,960,960,935,960,927,975,
960,960,967,960,960,960,935,960,927,975,
MEDIDAS OBTENIDAS RAW value
960,960,967,960,960,960,935,960,927,975,
15,15,15,15,24,24,15,15,15,24,
30,30,7,24,28,31,28,31,30,31,
127,127,143,159,159,152,167,159,167,192,
192,192,192,195,199,207,207,224,224,225,
227,240,248,252,255,255,255,255,255,255,
286,287,287,304,312,316,319,319,327,335,
352,352,359,384,384,384,384,391,399,414,
412,419,423,448,448,449,451,462,472,480,
483,483,504,504,513,515,527,527,543,543,
568,568,575,575,604,604,611,611,624,632,
636,639,639,668,670,670,671,704,704,512,
512,768,768,768,768,768,768,771,771,783,
798,799,816,824,831,831,847,856,896,896,
896,896,896,903,910,911,920,927,927,960,
960,960,960,960,960,963,960,960,960,967,
960,960,960,999,960,960,992,960,963,960,
960,960,992,960,960,960,960,967,960,960,
960,960,960,963,967,967,967,960,993,960,
960,960,960,967,967,960,967,960,960,963,
960,960,960,967,967,960,967,960,960,963,
MEDIDAS OBTENIDAS RAW value
960,960,960,967,967,960,967,960,960,963,
7,3,7,7,3,0,7,0,3,0,
3,7,15,7,15,7,15,7,28,15,
124,127,127,127,143,156,158,159,167,167,
192,192,192,192,199,199,216,216,224,224,
227,240,248,252,252,255,255,255,255,286,
287,287,312,312,319,319,335,335,352,352,
355,384,384,384,384,387,387,408,414,415,
415,432,448,449,449,472,480,480,480,483,
508,510,511,519,527,540,543,560,543,560,
572,575,575,591,608,609,615,632,632,639,
638,655,655,671,671,688,696,704,705,512,
768,768,768,768,768,768,768,775,783,783,
799,799,807,824,831,831,839,847,864,896,
896,896,896,896,903,910,911,924,926,927,
935,960,963,960,960,960,960,960,960,960,
960,960,960,960,960,960,927,960,960,992,
960,960,960,960,960,975,960,960,960,960,
975,961,960,960,960,960,960,960,960,960,
960,960,960,960,960,960,960,960,960,960,
960,960,960,960,960,960,960,960,960,960,
MEDIDAS OBTENIDAS RAW value
960,960,960,960,960,960,960,960,960,960,
3,28,24,7,15,3,24,28,31,15,
28,7,31,31,15,30,24,24,31,28,
127,127,127,143,156,159,159,159,159,176,
176,192,192,192,192,199,207,207,207,216,
224,224,240,240,248,248,255,255,255,255,
255,286,287,287,312,316,319,319,327,335,
348,352,359,359,384,384,385,391,391,399,
391,415,432,448,448,448,455,451,463,483,
487,508,504,512,504,536,527,540,543,556,
543,568,568,575,591,604,608,611,624,632,
636,639,639,668,668,679,696,704,704,707,
768,768,768,768,768,768,769,775,783,798,
799,807,824,831,831,839,847,864,896,896,
896,896,896,903,911,924,927,927,935,960,
960,960,963,960,967,960,992,960,960,967,
960,960,960,960,961,961,960,961,963,960,
967,961,960,960,960,975,967,967,975,963,
960,975,960,967,960,960,960,960,963,960,
960,960,960,960,960,963,960,960,960,967,
960,960,960,960,960,963,960,960,960,967,
MEDIDAS OBTENIDAS RAW value
960,960,960,960,960,963,960,960,960,967,
7,7,7,7,3,7,7,7,7,7,
15,15,15,15,15,24,24,24,28,28,
127,127,127,143,143,159,159,176,167,184,
192,192,193,193,199,199,224,224,227,224,
240,240,248,254,255,255,255,255,255,286,
287,304,304,316,319,319,319,353,335,352,
352,359,384,353,384,391,391,399,399,415,
415,448,448,455,448,463,472,480,480,483,
487,508,511,527,519,527,540,543,543,568,
568,574,575,575,604,608,609,615,632,636,
636,639,639,655,671,679,688,704,704,705,
512,768,768,768,768,768,768,769,775,783,
783,799,799,824,828,831,831,847,847,896,
896,896,896,896,899,903,911,920,926,960,
960,960,935,960,960,960,960,935,960,960,
960,960,960,927,935,960,960,960,960,960,
960,963,960,960,960,960,960,963,960,960,
960,960,960,960,960,960,960,960,960,967,
960,960,960,960,960,975,960,960,967,960,
960,960,960,960,960,975,960,960,967,960,
